[2016-04-11 03:06:53] slim-app.INFO: Inventory page [] {"uid":"70f2d78"}
[2016-04-11 01:08:04] slim-app.INFO: Home [] {"uid":"d851ce7"}
[2016-04-11 01:08:11] slim-app.INFO: Inventory page [] {"uid":"8043ba3"}
[2016-04-11 03:08:37] slim-app.INFO: Inventory page [] {"uid":"819180a"}
[2016-04-11 03:12:14] slim-app.INFO: Inventory page [] {"uid":"afd67e8"}
[2016-04-11 03:12:43] slim-app.INFO: Inventory page [] {"uid":"0d46a7a"}
[2016-04-11 03:13:04] slim-app.INFO: adding item [] {"uid":"ae6cddc"}
[2016-04-11 03:14:27] slim-app.INFO: Inventory page [] {"uid":"57dcbab"}
[2016-04-11 03:14:28] slim-app.INFO: adding item [] {"uid":"8bddf8a"}
[2016-04-11 03:15:13] slim-app.INFO: adding item [] {"uid":"5104fec"}
[2016-04-11 03:15:32] slim-app.INFO: adding item [] {"uid":"d038a09"}
[2016-04-11 03:46:32] slim-app.INFO: Inventory page [] {"uid":"1dadef8"}
[2016-04-11 03:47:16] slim-app.INFO: Inventory page [] {"uid":"acc3756"}
[2016-04-11 03:47:21] slim-app.INFO: Edit Inventory Item 1 [] {"uid":"6d3d35d"}
[2016-04-11 03:48:06] slim-app.INFO: Inventory page [] {"uid":"7b2d796"}
[2016-04-11 03:48:08] slim-app.INFO: adding item [] {"uid":"78547b0"}
[2016-04-11 03:48:15] slim-app.INFO: Inventory page [] {"uid":"8ca83c5"}
[2016-04-11 03:50:58] slim-app.INFO: Home [] {"uid":"c294369"}
[2016-04-11 03:51:02] slim-app.INFO: Home [] {"uid":"70d891e"}
[2016-04-11 03:51:27] slim-app.INFO: Home [] {"uid":"5bc0dd7"}
[2016-04-11 03:51:30] slim-app.INFO: Departments page [] {"uid":"d8c53f0"}
[2016-04-11 03:52:16] slim-app.INFO: Departments page [] {"uid":"7814a82"}
[2016-04-11 03:52:20] slim-app.INFO: Home [] {"uid":"6e4a528"}
[2016-04-11 03:55:30] slim-app.INFO: Home [] {"uid":"765f04f"}
[2016-04-11 03:55:57] slim-app.INFO: Home [] {"uid":"4f95c9c"}
[2016-04-11 03:56:33] slim-app.INFO: Home [] {"uid":"b22068a"}
[2016-04-11 03:58:52] slim-app.INFO: Home [] {"uid":"b90e46f"}
[2016-04-11 04:05:17] slim-app.INFO: Home [] {"uid":"3849644"}
[2016-04-11 04:05:43] slim-app.INFO: Home [] {"uid":"b2a3adb"}
[2016-04-11 04:05:53] slim-app.INFO: Home [] {"uid":"6129511"}
[2016-04-11 04:08:06] slim-app.INFO: Home [] {"uid":"48dcfa3"}
[2016-04-11 04:08:09] slim-app.INFO: Customers page [] {"uid":"9a81e6d"}
[2016-04-11 04:08:11] slim-app.INFO: Home [] {"uid":"04b6796"}
[2016-04-11 04:08:12] slim-app.INFO: Customers page [] {"uid":"9c4817f"}
[2016-04-11 04:08:14] slim-app.INFO: Home [] {"uid":"523736e"}
[2016-04-11 04:08:15] slim-app.INFO: Departments page [] {"uid":"8230cff"}
[2016-04-11 04:08:17] slim-app.INFO: Home [] {"uid":"988c49b"}
[2016-04-11 04:08:18] slim-app.INFO: Dependants page [] {"uid":"d8e1dec"}
[2016-04-11 04:08:19] slim-app.INFO: Home [] {"uid":"b29e42a"}
[2016-04-11 04:08:20] slim-app.INFO: Employees page [] {"uid":"af0d8c3"}
[2016-04-11 04:08:20] slim-app.INFO: Home [] {"uid":"7c288f7"}
[2016-04-11 04:08:22] slim-app.INFO: Inventory page [] {"uid":"5cda727"}
[2016-04-11 04:08:23] slim-app.INFO: Home [] {"uid":"93ea623"}
[2016-04-11 04:08:24] slim-app.INFO: Items page [] {"uid":"beaa06d"}
[2016-04-11 04:08:25] slim-app.INFO: Home [] {"uid":"8fa4203"}
[2016-04-11 04:08:26] slim-app.INFO: Orders page [] {"uid":"7ad4c0a"}
[2016-04-11 04:08:27] slim-app.INFO: Home [] {"uid":"f9078cc"}
[2016-04-11 04:08:29] slim-app.INFO: Home [] {"uid":"df65f87"}
[2016-04-11 17:02:52] slim-app.INFO: Dependants page [] {"uid":"db93462"}
[2016-04-11 17:05:12] slim-app.INFO: Dependants page [] {"uid":"a65e18d"}
[2016-04-11 17:05:21] slim-app.INFO: Dependants page [] {"uid":"2fe40d2"}
[2016-04-11 17:08:38] slim-app.INFO: Dependants page [] {"uid":"eb5b2c2"}
[2016-04-11 17:08:44] slim-app.INFO: Edit Dependant 582642999 [] {"uid":"dca1f4f"}
[2016-04-11 17:25:13] slim-app.INFO: Edit Dependant 582642999 [] {"uid":"38d58b1"}
[2016-04-11 17:25:26] slim-app.INFO: Edit Dependant 582642999 [] {"uid":"8a9ff94"}
[2016-04-11 17:25:32] slim-app.INFO: Employees page [] {"uid":"8cd5001"}
[2016-04-11 17:25:41] slim-app.INFO: Edit Employee 1 [] {"uid":"169ce43"}
[2016-04-11 17:33:02] slim-app.INFO: Inventory page [] {"uid":"b5ba5d9"}
[2016-04-11 17:36:26] slim-app.INFO: Inventory page [] {"uid":"2748550"}
[2016-04-11 17:37:14] slim-app.INFO: Inventory page [] {"uid":"fc799d5"}
[2016-04-11 17:38:16] slim-app.INFO: Inventory page [] {"uid":"95108cb"}
[2016-04-11 17:38:48] slim-app.INFO: Inventory page [] {"uid":"e4e8bee"}
[2016-04-11 17:39:59] slim-app.INFO: Inventory page [] {"uid":"cc7b91e"}
[2016-04-11 17:44:57] slim-app.INFO: Inventory page [] {"uid":"4fc69c0"}
[2016-04-11 17:44:59] slim-app.INFO: Edit Inventory Item 1 [] {"uid":"08e4908"}
[2016-04-11 17:45:00] slim-app.INFO: Inventory page [] {"uid":"b01c590"}
[2016-04-11 17:45:36] slim-app.INFO: Edit Inventory Item 1 [] {"uid":"64d514b"}
[2016-04-11 17:45:40] slim-app.INFO: Inventory page [] {"uid":"9ffb72e"}
[2016-04-11 17:52:08] slim-app.INFO: Inventory page [] {"uid":"e80e72b"}
[2016-04-11 17:52:11] slim-app.INFO: Edit Inventory Item 1 [] {"uid":"b943f68"}
[2016-04-11 17:52:12] slim-app.INFO: Inventory page [] {"uid":"ead227f"}
[2016-04-11 17:52:14] slim-app.INFO: adding item [] {"uid":"048c3fd"}
[2016-04-11 17:52:15] slim-app.INFO: Inventory page [] {"uid":"6d8333b"}
